c:\users\caleb\documents\inf1015\td6_2381534_2382761_groupe2\projetjeuxechecs\x64\debug\vc143.pdb
c:\users\caleb\documents\inf1015\td6_2381534_2382761_groupe2\projetjeuxechecs\x64\debug\qrc_projetjeuxechecs.obj
c:\users\caleb\documents\inf1015\td6_2381534_2382761_groupe2\projetjeuxechecs\x64\debug\verification_allocation.obj
c:\users\caleb\documents\inf1015\td6_2381534_2382761_groupe2\projetjeuxechecs\x64\debug\modeles.obj
c:\users\caleb\documents\inf1015\td6_2381534_2382761_groupe2\projetjeuxechecs\x64\debug\gtest-all.obj
c:\users\caleb\documents\inf1015\td6_2381534_2382761_groupe2\projetjeuxechecs\x64\debug\bibliotheque_cours.obj
c:\users\caleb\documents\inf1015\td6_2381534_2382761_groupe2\projetjeuxechecs\x64\debug\testjeuxechecs.obj
c:\users\caleb\documents\inf1015\td6_2381534_2382761_groupe2\projetjeuxechecs\x64\debug\projetjeuxechecs.obj
c:\users\caleb\documents\inf1015\td6_2381534_2382761_groupe2\projetjeuxechecs\x64\debug\main.obj
c:\users\caleb\documents\inf1015\td6_2381534_2382761_groupe2\projetjeuxechecs\x64\debug\moc_projetjeuxechecs.obj
c:\users\caleb\documents\inf1015\td6_2381534_2382761_groupe2\projetjeuxechecs\x64\debug\qt\moc\moc_projetjeuxechecs.cpp
c:\users\caleb\documents\inf1015\td6_2381534_2382761_groupe2\projetjeuxechecs\x64\debug\qt\uic\ui_projetjeuxechecs.h
c:\users\caleb\documents\inf1015\td6_2381534_2382761_groupe2\projetjeuxechecs\x64\debug\qt\rcc\qrc_projetjeuxechecs.cpp
c:\users\caleb\documents\inf1015\td6_2381534_2382761_groupe2\x64\debug\projetjeuxechecs.pdb
c:\users\caleb\documents\inf1015\td6_2381534_2382761_groupe2\projetjeuxechecs\x64\debug\projetjeuxechecs.tlog\cl.command.1.tlog
c:\users\caleb\documents\inf1015\td6_2381534_2382761_groupe2\projetjeuxechecs\x64\debug\projetjeuxechecs.tlog\cl.read.1.tlog
c:\users\caleb\documents\inf1015\td6_2381534_2382761_groupe2\projetjeuxechecs\x64\debug\projetjeuxechecs.tlog\cl.write.1.tlog
c:\users\caleb\documents\inf1015\td6_2381534_2382761_groupe2\projetjeuxechecs\x64\debug\projetjeuxechecs.tlog\link-cvtres.read.1.tlog
c:\users\caleb\documents\inf1015\td6_2381534_2382761_groupe2\projetjeuxechecs\x64\debug\projetjeuxechecs.tlog\link-cvtres.write.1.tlog
c:\users\caleb\documents\inf1015\td6_2381534_2382761_groupe2\projetjeuxechecs\x64\debug\projetjeuxechecs.tlog\link-rc.read.1.tlog
c:\users\caleb\documents\inf1015\td6_2381534_2382761_groupe2\projetjeuxechecs\x64\debug\projetjeuxechecs.tlog\link-rc.write.1.tlog
c:\users\caleb\documents\inf1015\td6_2381534_2382761_groupe2\projetjeuxechecs\x64\debug\projetjeuxechecs.tlog\link.command.1.tlog
c:\users\caleb\documents\inf1015\td6_2381534_2382761_groupe2\projetjeuxechecs\x64\debug\projetjeuxechecs.tlog\link.read.1.tlog
c:\users\caleb\documents\inf1015\td6_2381534_2382761_groupe2\projetjeuxechecs\x64\debug\projetjeuxechecs.tlog\link.read.2.tlog
c:\users\caleb\documents\inf1015\td6_2381534_2382761_groupe2\projetjeuxechecs\x64\debug\projetjeuxechecs.tlog\link.write.1.tlog
c:\users\caleb\documents\inf1015\td6_2381534_2382761_groupe2\projetjeuxechecs\x64\debug\projetjeuxechecs.tlog\moc.read.1u.tlog
c:\users\caleb\documents\inf1015\td6_2381534_2382761_groupe2\projetjeuxechecs\x64\debug\projetjeuxechecs.tlog\moc.write.1u.tlog
c:\users\caleb\documents\inf1015\td6_2381534_2382761_groupe2\projetjeuxechecs\x64\debug\projetjeuxechecs.tlog\projetjeuxechecs.write.1u.tlog
c:\users\caleb\documents\inf1015\td6_2381534_2382761_groupe2\projetjeuxechecs\x64\debug\projetjeuxechecs.tlog\rcc.read.1u.tlog
c:\users\caleb\documents\inf1015\td6_2381534_2382761_groupe2\projetjeuxechecs\x64\debug\projetjeuxechecs.tlog\rcc.write.1u.tlog
c:\users\caleb\documents\inf1015\td6_2381534_2382761_groupe2\projetjeuxechecs\x64\debug\projetjeuxechecs.tlog\uic.read.1u.tlog
c:\users\caleb\documents\inf1015\td6_2381534_2382761_groupe2\projetjeuxechecs\x64\debug\projetjeuxechecs.tlog\uic.write.1u.tlog
