   Qt/MSBuild: 3.3.1.1
  Reading Qt configuration (C:/Qt/6.9.0/msvc2022_64/bin/qmake)
   Qt: 6.9.0
  uic ProjetJeuxEchecs.ui
  rcc ProjetJeuxEchecs.qrc
  moc ProjetJeuxEchecs.h
   RCC: Warning: No resources in 'C:\Users\caleb\Documents\INF1015\TD6_2381534_2382761_groupe2\ProjetJeuxEchecs.qrc'.
  modeles.cpp
  modeles.hpp
  TestJeuxEchecs.cpp
  bibliotheque_cours.cpp
  verification_allocation.cpp
  gtest-all.cc
  ProjetJeuxEchecs.cpp
  main.cpp
C:\Users\caleb\Documents\INF1015\TD6_2381534_2382761_groupe2\TestJeuxEchecs.cpp(1,1): warning C4828: The file contains a character starting at offset 0x29 that is illegal in the current source character set (codepage 65001).
C:\Users\caleb\Documents\INF1015\TD6_2381534_2382761_groupe2\TestJeuxEchecs.cpp(1,1): warning C4828: The file contains a character starting at offset 0x72 that is illegal in the current source character set (codepage 65001).
C:\Users\caleb\Documents\INF1015\TD6_2381534_2382761_groupe2\TestJeuxEchecs.cpp(1,1): warning C4828: The file contains a character starting at offset 0xe3 that is illegal in the current source character set (codepage 65001).
C:\Users\caleb\Documents\INF1015\TD6_2381534_2382761_groupe2\TestJeuxEchecs.cpp(1,1): warning C4828: The file contains a character starting at offset 0x152 that is illegal in the current source character set (codepage 65001).
  qrc_ProjetJeuxEchecs.cpp
  moc_ProjetJeuxEchecs.cpp
ProjetJeuxEchecs\x64\Debug\modeles.obj : warning LNK4042: object specified more than once; extras ignored
     Creating library C:\Users\caleb\Documents\INF1015\TD6_2381534_2382761_groupe2\x64\Debug\ProjetJeuxEchecs.lib and object C:\Users\caleb\Documents\INF1015\TD6_2381534_2382761_groupe2\x64\Debug\ProjetJeuxEchecs.exp
  ProjetJeuxEchecs.vcxproj -> C:\Users\caleb\Documents\INF1015\TD6_2381534_2382761_groupe2\x64\Debug\ProjetJeuxEchecs.exe
